# JRE version: Java(TM) SE Runtime Environment (8.0_91-b14) (build 1.8.0_91-b14)
# Java VM: Java HotSpot(TM) 64-Bit Server VM (25.91-b14 mixed mode bsd-amd64 compressed oops)
Heap:
 PSYoungGen      total 1332224K, used 1235558K [0x000000076ab00000, 0x00000007c0000000, 0x00000007c0000000)
  eden space 1296384K, 95% used [0x000000076ab00000,0x00000007b6199898,0x00000007b9d00000)
  from space 35840K, 0% used [0x00000007b9d00000,0x00000007b9d00000,0x00000007bc000000)
  to   space 52224K, 0% used [0x00000007bcd00000,0x00000007bcd00000,0x00000007c0000000)
 ParOldGen       total 2796544K, used 2796290K [0x00000006c0000000, 0x000000076ab00000, 0x000000076ab00000)
  object space 2796544K, 99% used [0x00000006c0000000,0x000000076aac0b98,0x000000076ab00000)
 Metaspace       used 39607K, capacity 39888K, committed 40576K, reserved 1085440K
  class space    used 5013K, capacity 5107K, committed 5248K, reserved 1048576K
GC Heap History (10 events):
Event: 252717.342 GC heap before
{Heap before GC invocations=12929 (full 8989):
 PSYoungGen      total 1332224K, used 1282371K [0x000000076ab00000, 0x00000007c0000000, 0x00000007c0000000)
  eden space 1296384K, 98% used [0x000000076ab00000,0x00000007b8f50df0,0x00000007b9d00000)
  from space 35840K, 0% used [0x00000007b9d00000,0x00000007b9d00000,0x00000007bc000000)
  to   space 52224K, 0% used [0x00000007bcd00000,0x00000007bcd00000,0x00000007c0000000)
 ParOldGen       total 2796544K, used 2796290K [0x00000006c0000000, 0x000000076ab00000, 0x000000076ab00000)
  object space 2796544K, 99% used [0x00000006c0000000,0x000000076aac0b98,0x000000076ab00000)
 Metaspace       used 39604K, capacity 39888K, committed 40576K, reserved 1085440K
  class space    used 5013K, capacity 5107K, committed 5248K, reserved 1048576K
Event: 252717.695 GC heap after
Heap after GC invocations=12929 (full 8989):
 PSYoungGen      total 1332224K, used 1219356K [0x000000076ab00000, 0x00000007c0000000, 0x00000007c0000000)
  eden space 1296384K, 94% used [0x000000076ab00000,0x00000007b51c7010,0x00000007b9d00000)
  from space 35840K, 0% used [0x00000007b9d00000,0x00000007b9d00000,0x00000007bc000000)
  to   space 52224K, 0% used [0x00000007bcd00000,0x00000007bcd00000,0x00000007c0000000)
 ParOldGen       total 2796544K, used 2796290K [0x00000006c0000000, 0x000000076ab00000, 0x000000076ab00000)
  object space 2796544K, 99% used [0x00000006c0000000,0x000000076aac0b98,0x000000076ab00000)
 Metaspace       used 39604K, capacity 39888K, committed 40576K, reserved 1085440K
  class space    used 5013K, capacity 5107K, committed 5248K, reserved 1048576K
}
Event: 252717.834 GC heap before
{Heap before GC invocations=12930 (full 8990):
 PSYoungGen      total 1332224K, used 1281720K [0x000000076ab00000, 0x00000007c0000000, 0x00000007c0000000)
  eden space 1296384K, 98% used [0x000000076ab00000,0x00000007b8eae290,0x00000007b9d00000)
  from space 35840K, 0% used [0x00000007b9d00000,0x00000007b9d00000,0x00000007bc000000)
  to   space 52224K, 0% used [0x00000007bcd00000,0x00000007bcd00000,0x00000007c0000000)
 ParOldGen       total 2796544K, used 2796290K [0x00000006c0000000, 0x000000076ab00000, 0x000000076ab00000)
  object space 2796544K, 99% used [0x00000006c0000000,0x000000076aac0b98,0x000000076ab00000)
 Metaspace       used 39605K, capacity 39888K, committed 40576K, reserved 1085440K
  class space    used 5013K, capacity 5107K, committed 5248K, reserved 1048576K
Event: 252718.154 GC heap after
Heap after GC invocations=12930 (full 8990):
 PSYoungGen      total 1332224K, used 1214115K [0x000000076ab00000, 0x00000007c0000000, 0x00000007c0000000)
  eden space 1296384K, 93% used [0x000000076ab00000,0x00000007b4ca8e28,0x00000007b9d00000)
  from space 35840K, 0% used [0x00000007b9d00000,0x00000007b9d00000,0x00000007bc000000)
  to   space 52224K, 0% used [0x00000007bcd00000,0x00000007bcd00000,0x00000007c0000000)
 ParOldGen       total 2796544K, used 2796290K [0x00000006c0000000, 0x000000076ab00000, 0x000000076ab00000)
  object space 2796544K, 99% used [0x00000006c0000000,0x000000076aac0b98,0x000000076ab00000)
 Metaspace       used 39605K, capacity 39888K, committed 40576K, reserved 1085440K
  class space    used 5013K, capacity 5107K, committed 5248K, reserved 1048576K
}
Event: 253319.070 GC heap before
{Heap before GC invocations=12931 (full 8991):
 PSYoungGen      total 1332224K, used 1285114K [0x000000076ab00000, 0x00000007c0000000, 0x00000007c0000000)
  eden space 1296384K, 99% used [0x000000076ab00000,0x00000007b91feaa8,0x00000007b9d00000)
  from space 35840K, 0% used [0x00000007b9d00000,0x00000007b9d00000,0x00000007bc000000)
  to   space 52224K, 0% used [0x00000007bcd00000,0x00000007bcd00000,0x00000007c0000000)
 ParOldGen       total 2796544K, used 2796290K [0x00000006c0000000, 0x000000076ab00000, 0x000000076ab00000)
  object space 2796544K, 99% used [0x00000006c0000000,0x000000076aac0b98,0x000000076ab00000)
 Metaspace       used 39621K, capacity 39912K, committed 40576K, reserved 1085440K
  class space    used 5016K, capacity 5111K, committed 5248K, reserved 1048576K
Event: 253319.526 GC heap after
Heap after GC invocations=12931 (full 8991):
 PSYoungGen      total 1332224K, used 1219355K [0x000000076ab00000, 0x00000007c0000000, 0x00000007c0000000)
  eden space 1296384K, 94% used [0x000000076ab00000,0x00000007b51c6ec0,0x00000007b9d00000)
  from space 35840K, 0% used [0x00000007b9d00000,0x00000007b9d00000,0x00000007bc000000)
  to   space 52224K, 0% used [0x00000007bcd00000,0x00000007bcd00000,0x00000007c0000000)
 ParOldGen       total 2796544K, used 2796290K [0x00000006c0000000, 0x000000076ab00000, 0x000000076ab00000)
  object space 2796544K, 99% used [0x00000006c0000000,0x000000076aac0b98,0x000000076ab00000)
 Metaspace       used 39606K, capacity 39888K, committed 40576K, reserved 1085440K
  class space    used 5013K, capacity 5107K, committed 5248K, reserved 1048576K
}
Event: 253319.704 GC heap before
{Heap before GC invocations=12932 (full 8992):
 PSYoungGen      total 1332224K, used 1281502K [0x000000076ab00000, 0x00000007c0000000, 0x00000007c0000000)
  eden space 1296384K, 98% used [0x000000076ab00000,0x00000007b8e77930,0x00000007b9d00000)
  from space 35840K, 0% used [0x00000007b9d00000,0x00000007b9d00000,0x00000007bc000000)
  to   space 52224K, 0% used [0x00000007bcd00000,0x00000007bcd00000,0x00000007c0000000)
 ParOldGen       total 2796544K, used 2796290K [0x00000006c0000000, 0x000000076ab00000, 0x000000076ab00000)
  object space 2796544K, 99% used [0x00000006c0000000,0x000000076aac0b98,0x000000076ab00000)
 Metaspace       used 39607K, capacity 39888K, committed 40576K, reserved 1085440K
  class space    used 5013K, capacity 5107K, committed 5248K, reserved 1048576K
Event: 253320.040 GC heap after
Heap after GC invocations=12932 (full 8992):
 PSYoungGen      total 1332224K, used 1214117K [0x000000076ab00000, 0x00000007c0000000, 0x00000007c0000000)
  eden space 1296384K, 93% used [0x000000076ab00000,0x00000007b4ca9670,0x00000007b9d00000)
  from space 35840K, 0% used [0x00000007b9d00000,0x00000007b9d00000,0x00000007bc000000)
  to   space 52224K, 0% used [0x00000007bcd00000,0x00000007bcd00000,0x00000007c0000000)
 ParOldGen       total 2796544K, used 2796290K [0x00000006c0000000, 0x000000076ab00000, 0x000000076ab00000)
  object space 2796544K, 99% used [0x00000006c0000000,0x000000076aac0b98,0x000000076ab00000)
 Metaspace       used 39607K, capacity 39888K, committed 40576K, reserved 1085440K
  class space    used 5013K, capacity 5107K, committed 5248K, reserved 1048576K
}
Event: 253331.601 GC heap before
{Heap before GC invocations=12933 (full 8993):
 PSYoungGen      total 1332224K, used 1281492K [0x000000076ab00000, 0x00000007c0000000, 0x00000007c0000000)
  eden space 1296384K, 98% used [0x000000076ab00000,0x00000007b8e75230,0x00000007b9d00000)
  from space 35840K, 0% used [0x00000007b9d00000,0x00000007b9d00000,0x00000007bc000000)
  to   space 52224K, 0% used [0x00000007bcd00000,0x00000007bcd00000,0x00000007c0000000)
 ParOldGen       total 2796544K, used 2796290K [0x00000006c0000000, 0x000000076ab00000, 0x000000076ab00000)
  object space 2796544K, 99% used [0x00000006c0000000,0x000000076aac0b98,0x000000076ab00000)
 Metaspace       used 39607K, capacity 39888K, committed 40576K, reserved 1085440K
  class space    used 5013K, capacity 5107K, committed 5248K, reserved 1048576K
Event: 253332.265 GC heap after
Heap after GC invocations=12933 (full 8993):
 PSYoungGen      total 1332224K, used 1214117K [0x000000076ab00000, 0x00000007c0000000, 0x00000007c0000000)
  eden space 1296384K, 93% used [0x000000076ab00000,0x00000007b4ca9588,0x00000007b9d00000)
  from space 35840K, 0% used [0x00000007b9d00000,0x00000007b9d00000,0x00000007bc000000)
  to   space 52224K, 0% used [0x00000007bcd00000,0x00000007bcd00000,0x00000007c0000000)
 ParOldGen       total 2796544K, used 2796290K [0x00000006c0000000, 0x000000076ab00000, 0x000000076ab00000)
  object space 2796544K, 99% used [0x00000006c0000000,0x000000076aac0b98,0x000000076ab00000)
 Metaspace       used 39607K, capacity 39888K, committed 40576K, reserved 1085440K
  class space    used 5013K, capacity 5107K, committed 5248K, reserved 1048576K
}

